TN:
SF:C:\Users\OLUWATOMISIN\Auto-Mart\src\index.js
FN:25,(anonymous_0)
FNF:1
FNH:1
FNDA:1,(anonymous_0)
DA:10,1
DA:11,1
DA:12,1
DA:14,1
DA:17,1
DA:18,1
DA:21,1
DA:23,1
DA:25,1
LF:9
LH:9
BRDA:11,0,0,1
BRDA:11,0,1,1
BRF:2
BRH:2
end_of_record
TN:
SF:C:\Users\OLUWATOMISIN\Auto-Mart\src\controllers\CarControllers.js
FN:13,(anonymous_0)
FNF:1
FNH:1
FNDA:1,(anonymous_0)
DA:8,1
DA:10,1
DA:14,1
DA:17,1
DA:18,1
DA:21,1
DA:22,1
DA:34,0
LF:8
LH:7
BRF:0
BRH:0
end_of_record
TN:
SF:C:\Users\OLUWATOMISIN\Auto-Mart\src\controllers\UserControllers.js
FN:13,(anonymous_0)
FN:18,(anonymous_1)
FN:55,(anonymous_2)
FN:58,(anonymous_3)
FNF:4
FNH:4
FNDA:2,(anonymous_0)
FNDA:1,(anonymous_1)
FNDA:2,(anonymous_2)
FNDA:3,(anonymous_3)
DA:9,1
DA:11,1
DA:13,2
DA:15,1
DA:19,1
DA:22,1
DA:23,1
DA:26,1
DA:31,1
DA:32,1
DA:47,0
DA:56,2
DA:57,2
DA:58,3
DA:59,2
DA:60,1
DA:65,1
DA:68,1
DA:74,0
LF:19
LH:17
BRDA:58,0,0,3
BRDA:58,0,1,1
BRDA:59,1,0,1
BRDA:59,1,1,1
BRF:4
BRH:4
end_of_record
TN:
SF:C:\Users\OLUWATOMISIN\Auto-Mart\src\database\models\Models.js
FN:26,(anonymous_0)
FN:31,(anonymous_1)
FNF:2
FNH:2
FNDA:1,(anonymous_0)
FNDA:1,(anonymous_1)
DA:2,1
DA:16,1
DA:27,1
DA:32,1
LF:4
LH:4
BRF:0
BRH:0
end_of_record
TN:
SF:C:\Users\OLUWATOMISIN\Auto-Mart\src\middlewares\UserMiddlewares.js
FN:3,(anonymous_0)
FN:15,(anonymous_1)
FN:26,(anonymous_2)
FNF:3
FNH:3
FNDA:5,(anonymous_0)
FNDA:4,(anonymous_1)
FNDA:3,(anonymous_2)
DA:4,5
DA:5,5
DA:6,5
DA:7,1
DA:12,4
DA:16,4
DA:17,4
DA:18,1
DA:23,3
DA:27,3
DA:28,3
DA:29,1
DA:34,2
DA:35,1
DA:40,1
LF:15
LH:15
BRDA:6,0,0,1
BRDA:6,0,1,4
BRDA:17,1,0,1
BRDA:17,1,1,3
BRDA:28,2,0,1
BRDA:28,2,1,2
BRDA:34,3,0,1
BRDA:34,3,1,1
BRF:8
BRH:8
end_of_record
TN:
SF:C:\Users\OLUWATOMISIN\Auto-Mart\src\routes\route.js
FNF:0
FNH:0
DA:10,1
DA:11,1
DA:13,1
DA:19,1
DA:22,1
LF:5
LH:5
BRF:0
BRH:0
end_of_record
TN:
SF:C:\Users\OLUWATOMISIN\Auto-Mart\src\test\Car.spec.js
FN:28,(anonymous_0)
FN:29,(anonymous_1)
FN:34,(anonymous_2)
FNF:3
FNH:3
FNDA:1,(anonymous_0)
FNDA:1,(anonymous_1)
FNDA:1,(anonymous_2)
DA:8,1
DA:10,1
DA:12,1
DA:28,1
DA:29,1
DA:30,1
DA:35,1
DA:36,1
DA:37,1
DA:38,1
DA:39,1
LF:11
LH:11
BRF:0
BRH:0
end_of_record
TN:
SF:C:\Users\OLUWATOMISIN\Auto-Mart\src\test\User.spec.js
FN:67,(anonymous_0)
FN:68,(anonymous_1)
FN:73,(anonymous_2)
FN:83,(anonymous_3)
FN:88,(anonymous_4)
FN:96,(anonymous_5)
FN:101,(anonymous_6)
FN:109,(anonymous_7)
FN:114,(anonymous_8)
FN:122,(anonymous_9)
FN:127,(anonymous_10)
FN:135,(anonymous_11)
FN:143,(anonymous_12)
FN:152,(anonymous_13)
FN:160,(anonymous_14)
FNF:15
FNH:15
FNDA:1,(anonymous_0)
FNDA:1,(anonymous_1)
FNDA:1,(anonymous_2)
FNDA:1,(anonymous_3)
FNDA:1,(anonymous_4)
FNDA:1,(anonymous_5)
FNDA:1,(anonymous_6)
FNDA:1,(anonymous_7)
FNDA:1,(anonymous_8)
FNDA:1,(anonymous_9)
FNDA:1,(anonymous_10)
FNDA:1,(anonymous_11)
FNDA:1,(anonymous_12)
FNDA:1,(anonymous_13)
FNDA:1,(anonymous_14)
DA:8,1
DA:10,1
DA:11,1
DA:23,1
DA:34,1
DA:45,1
DA:56,1
DA:67,1
DA:68,1
DA:69,1
DA:74,1
DA:75,1
DA:76,1
DA:77,1
DA:78,1
DA:79,1
DA:83,1
DA:84,1
DA:89,1
DA:90,1
DA:91,1
DA:92,1
DA:96,1
DA:97,1
DA:102,1
DA:103,1
DA:104,1
DA:105,1
DA:109,1
DA:110,1
DA:115,1
DA:116,1
DA:117,1
DA:118,1
DA:122,1
DA:123,1
DA:128,1
DA:129,1
DA:130,1
DA:131,1
DA:135,1
DA:136,1
DA:144,1
DA:145,1
DA:146,1
DA:147,1
DA:148,1
DA:152,1
DA:153,1
DA:161,1
DA:162,1
DA:163,1
DA:164,1
LF:53
LH:53
BRF:0
BRH:0
end_of_record
