TN:
SF:C:\Users\OLUWATOMISIN\Auto-Mart\src\index.js
FN:24,(anonymous_0)
FNF:1
FNH:1
FNDA:1,(anonymous_0)
DA:9,1
DA:10,1
DA:11,1
DA:13,1
DA:16,1
DA:17,1
DA:20,1
DA:22,1
DA:24,1
LF:9
LH:9
BRDA:10,0,0,1
BRDA:10,0,1,1
BRF:2
BRH:2
end_of_record
TN:
SF:C:\Users\OLUWATOMISIN\Auto-Mart\src\controllers\CarControllers.js
FN:13,(anonymous_0)
FNF:1
FNH:1
FNDA:1,(anonymous_0)
DA:8,1
DA:10,1
DA:14,1
DA:17,1
DA:18,1
DA:21,1
DA:22,1
DA:34,0
LF:8
LH:7
BRF:0
BRH:0
end_of_record
TN:
SF:C:\Users\OLUWATOMISIN\Auto-Mart\src\controllers\UserControllers.js
FN:11,(anonymous_0)
FN:16,(anonymous_1)
FN:46,(anonymous_2)
FN:49,(anonymous_3)
FNF:4
FNH:4
FNDA:1,(anonymous_0)
FNDA:1,(anonymous_1)
FNDA:2,(anonymous_2)
FNDA:3,(anonymous_3)
DA:7,1
DA:9,1
DA:11,1
DA:13,1
DA:17,1
DA:20,1
DA:21,1
DA:24,1
DA:25,1
DA:38,0
DA:47,2
DA:48,2
DA:49,3
DA:50,2
DA:51,1
DA:56,1
DA:59,1
DA:65,0
LF:18
LH:16
BRDA:49,0,0,3
BRDA:49,0,1,1
BRDA:50,1,0,1
BRDA:50,1,1,1
BRF:4
BRH:4
end_of_record
TN:
SF:C:\Users\OLUWATOMISIN\Auto-Mart\src\database\models\Models.js
FN:20,(anonymous_0)
FN:25,(anonymous_1)
FNF:2
FNH:2
FNDA:1,(anonymous_0)
FNDA:1,(anonymous_1)
DA:1,1
DA:10,1
DA:21,1
DA:26,1
LF:4
LH:4
BRF:0
BRH:0
end_of_record
TN:
SF:C:\Users\OLUWATOMISIN\Auto-Mart\src\middlewares\UserMiddlewares.js
FN:2,(anonymous_0)
FN:14,(anonymous_1)
FN:25,(anonymous_2)
FNF:3
FNH:3
FNDA:5,(anonymous_0)
FNDA:4,(anonymous_1)
FNDA:3,(anonymous_2)
DA:3,5
DA:4,5
DA:5,5
DA:6,1
DA:11,4
DA:15,4
DA:16,4
DA:17,1
DA:22,3
DA:26,3
DA:27,3
DA:28,1
DA:33,2
DA:34,1
DA:39,1
LF:15
LH:15
BRDA:5,0,0,1
BRDA:5,0,1,4
BRDA:16,1,0,1
BRDA:16,1,1,3
BRDA:27,2,0,1
BRDA:27,2,1,2
BRDA:33,3,0,1
BRDA:33,3,1,1
BRF:8
BRH:8
end_of_record
TN:
SF:C:\Users\OLUWATOMISIN\Auto-Mart\src\routes\route.js
FNF:0
FNH:0
DA:9,1
DA:10,1
DA:12,1
DA:18,1
DA:21,1
LF:5
LH:5
BRF:0
BRH:0
end_of_record
TN:
SF:C:\Users\OLUWATOMISIN\Auto-Mart\src\test\Car.spec.js
FN:28,(anonymous_0)
FN:29,(anonymous_1)
FN:34,(anonymous_2)
FNF:3
FNH:3
FNDA:1,(anonymous_0)
FNDA:1,(anonymous_1)
FNDA:1,(anonymous_2)
DA:8,1
DA:10,1
DA:12,1
DA:28,1
DA:29,1
DA:30,1
DA:35,1
DA:36,1
DA:37,1
DA:38,1
DA:39,1
LF:11
LH:11
BRF:0
BRH:0
end_of_record
TN:
SF:C:\Users\OLUWATOMISIN\Auto-Mart\src\test\User.spec.js
FN:50,(anonymous_0)
FN:51,(anonymous_1)
FN:56,(anonymous_2)
FN:65,(anonymous_3)
FN:70,(anonymous_4)
FN:78,(anonymous_5)
FN:83,(anonymous_6)
FN:91,(anonymous_7)
FN:96,(anonymous_8)
FN:104,(anonymous_9)
FN:109,(anonymous_10)
FN:117,(anonymous_11)
FN:125,(anonymous_12)
FN:134,(anonymous_13)
FN:142,(anonymous_14)
FNF:15
FNH:15
FNDA:1,(anonymous_0)
FNDA:1,(anonymous_1)
FNDA:1,(anonymous_2)
FNDA:1,(anonymous_3)
FNDA:1,(anonymous_4)
FNDA:1,(anonymous_5)
FNDA:1,(anonymous_6)
FNDA:1,(anonymous_7)
FNDA:1,(anonymous_8)
FNDA:1,(anonymous_9)
FNDA:1,(anonymous_10)
FNDA:1,(anonymous_11)
FNDA:1,(anonymous_12)
FNDA:1,(anonymous_13)
FNDA:1,(anonymous_14)
DA:7,1
DA:9,1
DA:10,1
DA:18,1
DA:26,1
DA:34,1
DA:42,1
DA:50,1
DA:51,1
DA:52,1
DA:57,1
DA:58,1
DA:59,1
DA:60,1
DA:61,1
DA:65,1
DA:66,1
DA:71,1
DA:72,1
DA:73,1
DA:74,1
DA:78,1
DA:79,1
DA:84,1
DA:85,1
DA:86,1
DA:87,1
DA:91,1
DA:92,1
DA:97,1
DA:98,1
DA:99,1
DA:100,1
DA:104,1
DA:105,1
DA:110,1
DA:111,1
DA:112,1
DA:113,1
DA:117,1
DA:118,1
DA:126,1
DA:127,1
DA:128,1
DA:129,1
DA:130,1
DA:134,1
DA:135,1
DA:143,1
DA:144,1
DA:145,1
DA:146,1
LF:52
LH:52
BRF:0
BRH:0
end_of_record
